1700488663716:a --fn asdfwef --ln wefwef --g 25
1700488706105:p
1700488740429:c --fn wqefwef --ln qqqqq --g 50
1700488743452:p
1700488766669:q
1700488770712:qit
1700488773736:exit
1700642747322:c --fn asfe --ln sadfewqewr --g 21
1700642823894:close
1700642827925:exit
1700643211397:c --fn qwefwf --ln ppojo --g 21
1700652946508:p
1700653433946:d 1
1700653438995:p
1700653826065:c maria zaharova 23
1700653835122:p
1700653854287:d 3
1700653858317:p
1700653870414:c fwqef wqer 45
1700653888547:p
1700654202121:d 1
1700654205145:p
1700654216248:c asdfwe wefwe 45
1700654224305:p
1700654251552:c wewq qwe 11
1700654254588:p
1700654687634:c dasfw wef 12
1700654690653:p
1700654782799:c wefwqe ewf 45
1700654795914:p
1700654803996:d 2
1700654807026:p
1700654827209:c eew wwe 2
1700654830232:p
1700655009105:d 1
1700655013153:c afwef wqef32
1700655018196:p
1700655046480:c dsafew wefwe 45
1700655048492:p
1700655132679:d 1
1700655138743:c wqefew sdafe 23
1700655143792:p
1700655157931:d 4
1700655161974:p
1700655218949:d 2
1700655234105:c dasfew dasfew 45
1700655236123:p
1700655373908:da
1700737881600:p
1700737912912:r 3
1700737918962:r 6
1700737950014:p
1700737969175:r 1
1700737972197:r 8
1700737995402:d 2
1700738000442:d 89
1700738290817:p
1700738299904:d 8
1700738413627:add new student null; qwe; asd; 33
1700738466063:c ewqefwef wefwefw 32
1700738483201:p
1700738619416:c asdf wefwe 45
1700738887351:c wefwqef sadff 32
1701293164066:p
1701293170928:close
1701293175962:exit
1701293343185:p
1701548538270:close
1701548542306:exit
1701630558257:p
1701630566309:add wefewf efw 32
1701630574375:c dasfe ewfq dsf 32
1701630584482:c dasf sadf 32
1701630614400:c dafe weff 32
1701630960161:p
1701630965210:c adf asf 32
1701631256122:c dafw asdf 32
1701631397154:c dfwsa sffe 3
1701631401168:p
1701631410260:c sadf ewf3
1701631455744:stacktrace
1701631622033:c asdf asdf 32
1701632136404:c asdf asfd 32
1701632386645:p
1701632393712:c asdf sadf 34
1701632448317:c asdf wef 32
1701632453343:p
1701632462422:c asdf sef 23
1701632465451:p
1701632480588:c sadfewf dsfwef 32
1701632482595:p
1701632544514:c sdf dsf 32
1701632547536:p
1701632553557:c dfe weew 11
1701632557589:p
1701632590000:c dsf ewr 32
1701632594029:p
1701632600100:c sdfe wer 321
1701632602100:p
1701632628741:c we ewf 32
1701632636813:c wefqw sdf 21
1701632639837:p
